<testsuites name="jest tests" tests="51" failures="0" time="69.161">
  <testsuite name="Storyshots" errors="0" failures="0" skipped="0" timestamp="2018-06-19T06:08:13" time="8.657" tests="5">
    <testcase classname="Storyshots ListItem default" name="Storyshots ListItem default" time="0.462">
    </testcase>
    <testcase classname="Storyshots ListItem with data" name="Storyshots ListItem with data" time="0.516">
    </testcase>
    <testcase classname="Storyshots ListItem with data and icon" name="Storyshots ListItem with data and icon" time="0.528">
    </testcase>
    <testcase classname="Storyshots ListItem with data, icon and subcategories" name="Storyshots ListItem with data, icon and subcategories" time="0.594">
    </testcase>
    <testcase classname=" renders without crashing" name=" renders without crashing" time="0">
    </testcase>
  </testsuite>
  <testsuite name="Storyshots" errors="0" failures="0" skipped="0" timestamp="2018-06-19T06:08:13" time="8.678" tests="5">
    <testcase classname="Storyshots ListItem default" name="Storyshots ListItem default" time="0.448">
    </testcase>
    <testcase classname="Storyshots ListItem with data" name="Storyshots ListItem with data" time="0.564">
    </testcase>
    <testcase classname="Storyshots ListItem with data and icon" name="Storyshots ListItem with data and icon" time="0.516">
    </testcase>
    <testcase classname="Storyshots ListItem with data, icon and subcategories" name="Storyshots ListItem with data, icon and subcategories" time="0.591">
    </testcase>
    <testcase classname=" renders without crashing" name=" renders without crashing" time="0.001">
    </testcase>
  </testsuite>
  <testsuite name="Storyshots" errors="0" failures="0" skipped="0" timestamp="2018-06-19T06:08:13" time="8.717" tests="5">
    <testcase classname="Storyshots ListItem default" name="Storyshots ListItem default" time="0.469">
    </testcase>
    <testcase classname="Storyshots ListItem with data" name="Storyshots ListItem with data" time="0.558">
    </testcase>
    <testcase classname="Storyshots ListItem with data and icon" name="Storyshots ListItem with data and icon" time="0.532">
    </testcase>
    <testcase classname="Storyshots ListItem with data, icon and subcategories" name="Storyshots ListItem with data, icon and subcategories" time="0.597">
    </testcase>
    <testcase classname=" renders without crashing" name=" renders without crashing" time="0.001">
    </testcase>
  </testsuite>
  <testsuite name="Storyshots" errors="0" failures="0" skipped="0" timestamp="2018-06-19T06:08:13" time="8.852" tests="4">
    <testcase classname="Storyshots ListItem default" name="Storyshots ListItem default" time="0.47">
    </testcase>
    <testcase classname="Storyshots ListItem with data" name="Storyshots ListItem with data" time="0.534">
    </testcase>
    <testcase classname="Storyshots ListItem with data and icon" name="Storyshots ListItem with data and icon" time="0.556">
    </testcase>
    <testcase classname="Storyshots ListItem with data, icon and subcategories" name="Storyshots ListItem with data, icon and subcategories" time="0.636">
    </testcase>
  </testsuite>
  <testsuite name="Storyshots" errors="0" failures="0" skipped="0" timestamp="2018-06-19T06:08:13" time="8.866" tests="4">
    <testcase classname="Storyshots ListItem default" name="Storyshots ListItem default" time="0.477">
    </testcase>
    <testcase classname="Storyshots ListItem with data" name="Storyshots ListItem with data" time="0.537">
    </testcase>
    <testcase classname="Storyshots ListItem with data and icon" name="Storyshots ListItem with data and icon" time="0.565">
    </testcase>
    <testcase classname="Storyshots ListItem with data, icon and subcategories" name="Storyshots ListItem with data, icon and subcategories" time="0.632">
    </testcase>
  </testsuite>
  <testsuite name="Storyshots" errors="0" failures="0" skipped="0" timestamp="2018-06-19T06:08:13" time="8.864" tests="6">
    <testcase classname="Storyshots ListItem default" name="Storyshots ListItem default" time="0.483">
    </testcase>
    <testcase classname="Storyshots ListItem with data" name="Storyshots ListItem with data" time="0.538">
    </testcase>
    <testcase classname="Storyshots ListItem with data and icon" name="Storyshots ListItem with data and icon" time="0.568">
    </testcase>
    <testcase classname="Storyshots ListItem with data, icon and subcategories" name="Storyshots ListItem with data, icon and subcategories" time="0.605">
    </testcase>
    <testcase classname=" renders without crashing when open true" name=" renders without crashing when open true" time="0.006">
    </testcase>
    <testcase classname=" renders without crashing when open false" name=" renders without crashing when open false" time="0.001">
    </testcase>
  </testsuite>
  <testsuite name="Storyshots" errors="0" failures="0" skipped="0" timestamp="2018-06-19T06:08:13" time="9.148" tests="6">
    <testcase classname="Storyshots ListItem default" name="Storyshots ListItem default" time="0.492">
    </testcase>
    <testcase classname="Storyshots ListItem with data" name="Storyshots ListItem with data" time="0.533">
    </testcase>
    <testcase classname="Storyshots ListItem with data and icon" name="Storyshots ListItem with data and icon" time="0.548">
    </testcase>
    <testcase classname="Storyshots ListItem with data, icon and subcategories" name="Storyshots ListItem with data, icon and subcategories" time="0.609">
    </testcase>
    <testcase classname=" renders without crashing  when open false" name=" renders without crashing  when open false" time="0.005">
    </testcase>
    <testcase classname=" renders without crashing  when open true" name=" renders without crashing  when open true" time="0">
    </testcase>
  </testsuite>
  <testsuite name="Storyshots" errors="0" failures="0" skipped="0" timestamp="2018-06-19T06:08:22" time="2.058" tests="5">
    <testcase classname="Storyshots ListItem default" name="Storyshots ListItem default" time="0.303">
    </testcase>
    <testcase classname="Storyshots ListItem with data" name="Storyshots ListItem with data" time="0.395">
    </testcase>
    <testcase classname="Storyshots ListItem with data and icon" name="Storyshots ListItem with data and icon" time="0.356">
    </testcase>
    <testcase classname="Storyshots ListItem with data, icon and subcategories" name="Storyshots ListItem with data, icon and subcategories" time="0.364">
    </testcase>
    <testcase classname=" renders without crashing" name=" renders without crashing" time="0">
    </testcase>
  </testsuite>
  <testsuite name="Storyshots" errors="0" failures="0" skipped="0" timestamp="2018-06-19T06:08:22" time="2.44" tests="5">
    <testcase classname="Storyshots ListItem default" name="Storyshots ListItem default" time="0.295">
    </testcase>
    <testcase classname="Storyshots ListItem with data" name="Storyshots ListItem with data" time="0.345">
    </testcase>
    <testcase classname="Storyshots ListItem with data and icon" name="Storyshots ListItem with data and icon" time="0.362">
    </testcase>
    <testcase classname="Storyshots ListItem with data, icon and subcategories" name="Storyshots ListItem with data, icon and subcategories" time="0.33">
    </testcase>
    <testcase classname=" renders without crashing" name=" renders without crashing" time="0.004">
    </testcase>
  </testsuite>
  <testsuite name="Storyshots" errors="0" failures="0" skipped="0" timestamp="2018-06-19T06:08:22" time="2.881" tests="6">
    <testcase classname="Storyshots ListItem default" name="Storyshots ListItem default" time="0.269">
    </testcase>
    <testcase classname="Storyshots ListItem with data" name="Storyshots ListItem with data" time="0.319">
    </testcase>
    <testcase classname="Storyshots ListItem with data and icon" name="Storyshots ListItem with data and icon" time="0.31">
    </testcase>
    <testcase classname="Storyshots ListItem with data, icon and subcategories" name="Storyshots ListItem with data, icon and subcategories" time="0.306">
    </testcase>
    <testcase classname=" renders without crashing" name=" renders without crashing" time="0.002">
    </testcase>
    <testcase classname=" renders without crashing" name=" renders without crashing" time="0">
    </testcase>
  </testsuite>
</testsuites>