<testsuites name="jest tests" tests="51" failures="0" time="81.40400000000001">
  <testsuite name="Storyshots" errors="0" failures="0" skipped="0" timestamp="2018-06-11T21:19:46" time="10.129" tests="5">
    <testcase classname="Storyshots ListItem default" name="Storyshots ListItem default" time="0.439">
    </testcase>
    <testcase classname="Storyshots ListItem with data" name="Storyshots ListItem with data" time="0.555">
    </testcase>
    <testcase classname="Storyshots ListItem with data and icon" name="Storyshots ListItem with data and icon" time="0.527">
    </testcase>
    <testcase classname="Storyshots ListItem with data, icon and subcategories" name="Storyshots ListItem with data, icon and subcategories" time="0.593">
    </testcase>
    <testcase classname=" renders without crashing" name=" renders without crashing" time="0.001">
    </testcase>
  </testsuite>
  <testsuite name="Storyshots" errors="0" failures="0" skipped="0" timestamp="2018-06-11T21:19:46" time="10.257" tests="4">
    <testcase classname="Storyshots ListItem default" name="Storyshots ListItem default" time="0.445">
    </testcase>
    <testcase classname="Storyshots ListItem with data" name="Storyshots ListItem with data" time="0.52">
    </testcase>
    <testcase classname="Storyshots ListItem with data and icon" name="Storyshots ListItem with data and icon" time="0.52">
    </testcase>
    <testcase classname="Storyshots ListItem with data, icon and subcategories" name="Storyshots ListItem with data, icon and subcategories" time="0.668">
    </testcase>
  </testsuite>
  <testsuite name="Storyshots" errors="0" failures="0" skipped="0" timestamp="2018-06-11T21:19:46" time="10.421" tests="5">
    <testcase classname="Storyshots ListItem default" name="Storyshots ListItem default" time="0.459">
    </testcase>
    <testcase classname="Storyshots ListItem with data" name="Storyshots ListItem with data" time="0.554">
    </testcase>
    <testcase classname="Storyshots ListItem with data and icon" name="Storyshots ListItem with data and icon" time="0.519">
    </testcase>
    <testcase classname="Storyshots ListItem with data, icon and subcategories" name="Storyshots ListItem with data, icon and subcategories" time="0.745">
    </testcase>
    <testcase classname=" renders without crashing" name=" renders without crashing" time="0">
    </testcase>
  </testsuite>
  <testsuite name="Storyshots" errors="0" failures="0" skipped="0" timestamp="2018-06-11T21:19:46" time="10.58" tests="4">
    <testcase classname="Storyshots ListItem default" name="Storyshots ListItem default" time="0.466">
    </testcase>
    <testcase classname="Storyshots ListItem with data" name="Storyshots ListItem with data" time="0.52">
    </testcase>
    <testcase classname="Storyshots ListItem with data and icon" name="Storyshots ListItem with data and icon" time="0.596">
    </testcase>
    <testcase classname="Storyshots ListItem with data, icon and subcategories" name="Storyshots ListItem with data, icon and subcategories" time="0.797">
    </testcase>
  </testsuite>
  <testsuite name="Storyshots" errors="0" failures="0" skipped="0" timestamp="2018-06-11T21:19:46" time="10.673" tests="6">
    <testcase classname="Storyshots ListItem default" name="Storyshots ListItem default" time="0.45">
    </testcase>
    <testcase classname="Storyshots ListItem with data" name="Storyshots ListItem with data" time="0.53">
    </testcase>
    <testcase classname="Storyshots ListItem with data and icon" name="Storyshots ListItem with data and icon" time="0.574">
    </testcase>
    <testcase classname="Storyshots ListItem with data, icon and subcategories" name="Storyshots ListItem with data, icon and subcategories" time="0.854">
    </testcase>
    <testcase classname=" renders without crashing when open true" name=" renders without crashing when open true" time="0.005">
    </testcase>
    <testcase classname=" renders without crashing when open false" name=" renders without crashing when open false" time="0.001">
    </testcase>
  </testsuite>
  <testsuite name="Storyshots" errors="0" failures="0" skipped="0" timestamp="2018-06-11T21:19:46" time="11.093" tests="6">
    <testcase classname="Storyshots ListItem default" name="Storyshots ListItem default" time="0.449">
    </testcase>
    <testcase classname="Storyshots ListItem with data" name="Storyshots ListItem with data" time="0.549">
    </testcase>
    <testcase classname="Storyshots ListItem with data and icon" name="Storyshots ListItem with data and icon" time="0.636">
    </testcase>
    <testcase classname="Storyshots ListItem with data, icon and subcategories" name="Storyshots ListItem with data, icon and subcategories" time="0.781">
    </testcase>
    <testcase classname=" renders without crashing  when open false" name=" renders without crashing  when open false" time="0.006">
    </testcase>
    <testcase classname=" renders without crashing  when open true" name=" renders without crashing  when open true" time="0">
    </testcase>
  </testsuite>
  <testsuite name="Storyshots" errors="0" failures="0" skipped="0" timestamp="2018-06-11T21:19:46" time="11.481" tests="5">
    <testcase classname="Storyshots ListItem default" name="Storyshots ListItem default" time="0.433">
    </testcase>
    <testcase classname="Storyshots ListItem with data" name="Storyshots ListItem with data" time="0.59">
    </testcase>
    <testcase classname="Storyshots ListItem with data and icon" name="Storyshots ListItem with data and icon" time="0.845">
    </testcase>
    <testcase classname="Storyshots ListItem with data, icon and subcategories" name="Storyshots ListItem with data, icon and subcategories" time="0.448">
    </testcase>
    <testcase classname=" renders without crashing" name=" renders without crashing" time="0.005">
    </testcase>
  </testsuite>
  <testsuite name="Storyshots" errors="0" failures="0" skipped="0" timestamp="2018-06-11T21:19:57" time="2.126" tests="5">
    <testcase classname="Storyshots ListItem default" name="Storyshots ListItem default" time="0.385">
    </testcase>
    <testcase classname="Storyshots ListItem with data" name="Storyshots ListItem with data" time="0.339">
    </testcase>
    <testcase classname="Storyshots ListItem with data and icon" name="Storyshots ListItem with data and icon" time="0.328">
    </testcase>
    <testcase classname="Storyshots ListItem with data, icon and subcategories" name="Storyshots ListItem with data, icon and subcategories" time="0.331">
    </testcase>
    <testcase classname=" renders without crashing" name=" renders without crashing" time="0">
    </testcase>
  </testsuite>
  <testsuite name="Storyshots" errors="0" failures="0" skipped="0" timestamp="2018-06-11T21:19:57" time="1.998" tests="5">
    <testcase classname="Storyshots ListItem default" name="Storyshots ListItem default" time="0.35">
    </testcase>
    <testcase classname="Storyshots ListItem with data" name="Storyshots ListItem with data" time="0.342">
    </testcase>
    <testcase classname="Storyshots ListItem with data and icon" name="Storyshots ListItem with data and icon" time="0.331">
    </testcase>
    <testcase classname="Storyshots ListItem with data, icon and subcategories" name="Storyshots ListItem with data, icon and subcategories" time="0.327">
    </testcase>
    <testcase classname=" renders without crashing" name=" renders without crashing" time="0.001">
    </testcase>
  </testsuite>
  <testsuite name="Storyshots" errors="0" failures="0" skipped="0" timestamp="2018-06-11T21:19:57" time="2.646" tests="6">
    <testcase classname="Storyshots ListItem default" name="Storyshots ListItem default" time="0.25">
    </testcase>
    <testcase classname="Storyshots ListItem with data" name="Storyshots ListItem with data" time="0.327">
    </testcase>
    <testcase classname="Storyshots ListItem with data and icon" name="Storyshots ListItem with data and icon" time="0.31">
    </testcase>
    <testcase classname="Storyshots ListItem with data, icon and subcategories" name="Storyshots ListItem with data, icon and subcategories" time="0.361">
    </testcase>
    <testcase classname=" renders without crashing" name=" renders without crashing" time="0.004">
    </testcase>
    <testcase classname=" renders without crashing" name=" renders without crashing" time="0.001">
    </testcase>
  </testsuite>
</testsuites>